<?xml version="1.0" encoding="UTF-8"?>
<databaseChangeLog xmlns="http://www.liquibase.org/xml/ns/dbchangelog" xmlns:xsi="http://www.w3.org/2001/XMLSchema-instance"
  xsi:schemaLocation="http://www.liquibase.org/xml/ns/dbchangelog http://www.liquibase.org/xml/ns/dbchangelog/dbchangelog-3.1.xsd"
  logicalFilePath="rtp-data/data/test-data/post-importexport/test-data-set-cmuser-passwords.xml">

    <!-- Reset CM User passwords so the are all the same (111111) and don't expire. -->
    <changeSet id="ext-test-data-cmuser-passwords-all-same-and-never-expire" author="ep.inception" context="test-data">
        <comment>Update CM User passwords so they are all the same and don't expire</comment>
        <update tableName="TCMUSER">
            <column name="PASSWORD" value="3d4f2bf07dc1be38b20cd6e46949a1071f9d0e3d" />
            <!-- Although LAST_CHANGED_PASSWORD_DATE is in the far future, LAST_MODIFIED_DATE must remain
                 unchanged, so the reindexing of cm users can work properly -->
            <column name="LAST_CHANGED_PASSWORD_DATE" valueDate="2022-01-01T12:00:00" />            
        </update>
    </changeSet>

</databaseChangeLog>
