<?xml version="1.0"?>

<!DOCTYPE suppressions PUBLIC
		"-//Puppy Crawl//DTD Suppressions 1.0//EN"
		"http://www.puppycrawl.com/dtds/suppressions_1_0.dtd">

<suppressions>

	<suppress
			checks=".*"
			files=".*definitions.*\.java$"/>
	<suppress
			checks=".*"
			files=".*autogenerated.*\.java$"/>
	<suppress
			checks=".*"
			files=".*src\/test\/java\/com\/elasticpath\/cucumber\/Run.*\.java"/>

</suppressions>