<?xml version="1.0" encoding="UTF-8"?>
<beans xmlns="http://www.springframework.org/schema/beans"
		xmlns:xsi="http://www.w3.org/2001/XMLSchema-instance"
		xsi:schemaLocation="http://www.springframework.org/schema/beans http://www.springframework.org/schema/beans/spring-beans-4.0.xsd
        http://www.springframework.org/schema/jee http://www.springframework.org/schema/jee/spring-jee.xsd">

	<jndi-lookup id="dataSource" jndi-name="jdbc/epjndi" resource-ref="true"
			xmlns="http://www.springframework.org/schema/jee"/>
	<jndi-lookup id="readOnlyDataSource" jndi-name="jdbc/epjndiReadOnly" resource-ref="true"
				 xmlns="http://www.springframework.org/schema/jee"/>
</beans>