<?xml version="1.0" encoding="UTF-8"?>
<beans xmlns="http://www.springframework.org/schema/beans"
		xmlns:xsi="http://www.w3.org/2001/XMLSchema-instance" xmlns:context="http://www.springframework.org/schema/context"
		xmlns:util="http://www.springframework.org/schema/util"
		xsi:schemaLocation="http://www.springframework.org/schema/beans http://www.springframework.org/schema/beans/spring-beans-3.0.xsd
        http://www.springframework.org/schema/context http://www.springframework.org/schema/context/spring-context-3.0.xsd
        http://www.springframework.org/schema/util http://www.springframework.org/schema/util/spring-util-3.0.xsd">

	<bean id="multiDatabaseManager" class="com.elasticpath.test.persister.MultiDatabaseManager"/>

	<bean id="dynamicDataSourceFactory" class="com.elasticpath.test.persister.DynamicDataSourceFactory">
		<property name="dataSourceConfig" ref="dataSourceConfig"/>
	</bean>

	<bean id="dataSourceConfig" factory-bean="dataSourceInitializerFactory" factory-method="getInstanceWithTestConfigDefaults"/>

	<bean id="dataSource" class="org.springframework.aop.framework.ProxyFactoryBean">
		<property name="targetSource" ref="dynamicDataSource"/>
	</bean>

	<bean name="dynamicDataSource" class="org.springframework.aop.target.SimpleBeanTargetSource">
		<property name="targetBeanName" value="dynamicDataSourceFactoryBean"/>
	</bean>

	<bean id="dynamicDataSourceFactoryBean" factory-bean="dynamicDataSourceFactory"
			factory-method="getObject" scope="prototype"/>

</beans>